93
26 -25 3.03579982105
43 30
-46 -42
14 4
-18 13
-38 -23
33 14
-2 -11
15 -42
19 50
10 -48
38 -39
-25 -2
35 -19
-28 -9
-18 18
-39 -26
-3 -35
-17 -40
20 16
24 32
43 7
-5 -9
46 -40
-1 15
-40 -41
18 48
-30 44
-4 -45
-26 18
-4 6
-15 7
31 33
23 -36
43 -8
30 17
-27 22
-27 19
-37 -31
29 12
34 39
21 2
37 42
-5 -18
48 19
50 -7
-25 -15
-50 -45
-32 23
-31 -40
-36 50
27 -12
21 -50
-44 34
-31 36
-4 -47
25 -33
5 11
-41 50
44 -44
18 44
-1 43
-21 0
49 -3
-27 -32
8 -13
-33 -15
26 39
-15 33
23 4
18 -31
8 -7
-14 -38
-46 -5
-39 48
2 30
41 -49
23 -31
1 22
17 24
41 -26
-39 -43
9 37
47 45
19 20
-2 -13
39 -44
30 -25
-32 34
21 -20
32 -28
-41 22
-27 33
42 25
